E:\CS 307 PROGRAMS\CS307PROG2\CS307PROG2\DEBUG\CHROMOSOME.OBJ
E:\CS 307 PROGRAMS\CS307PROG2\CS307PROG2\DEBUG\CHROMOSOMEFACTORY.OBJ
E:\CS 307 PROGRAMS\CS307PROG2\CS307PROG2\DEBUG\GENE.OBJ
E:\CS 307 PROGRAMS\CS307PROG2\CS307PROG2\DEBUG\GENEFACTORY.OBJ
E:\CS 307 PROGRAMS\CS307PROG2\CS307PROG2\DEBUG\GENETICSSIM.OBJ
E:\CS 307 PROGRAMS\CS307PROG2\CS307PROG2\DEBUG\GENETICSSIMDATAPARSER.OBJ
E:\CS 307 PROGRAMS\CS307PROG2\CS307PROG2\DEBUG\MASTERGENE.OBJ
E:\CS 307 PROGRAMS\CS307PROG2\CS307PROG2\DEBUG\MENDELIANCROSS.OBJ
E:\CS 307 PROGRAMS\CS307PROG2\CS307PROG2\DEBUG\OFFSPRING.OBJ
E:\CS 307 PROGRAMS\CS307PROG2\CS307PROG2\DEBUG\ORGANISM.OBJ
E:\CS 307 PROGRAMS\CS307PROG2\CS307PROG2\DEBUG\ORGANISMFACTORY.OBJ
E:\CS 307 PROGRAMS\CS307PROG2\CS307PROG2\DEBUG\PROG2MAIN.OBJ
E:\CS 307 PROGRAMS\CS307PROG2\CS307PROG2\DEBUG\VC110.PDB
E:\CS 307 PROGRAMS\CS307PROG2\DEBUG\CS307PROG2.ILK
E:\CS 307 PROGRAMS\CS307PROG2\DEBUG\CS307PROG2.EXE
E:\CS 307 PROGRAMS\CS307PROG2\DEBUG\CS307PROG2.PDB
E:\CS 307 Programs\CS307Prog2\CS307Prog2\Debug\Chromosome.obj
E:\CS 307 Programs\CS307Prog2\CS307Prog2\Debug\ChromosomeFactory.obj
E:\CS 307 Programs\CS307Prog2\CS307Prog2\Debug\Gene.obj
E:\CS 307 Programs\CS307Prog2\CS307Prog2\Debug\GeneFactory.obj
E:\CS 307 Programs\CS307Prog2\CS307Prog2\Debug\GeneticsSim.obj
E:\CS 307 Programs\CS307Prog2\CS307Prog2\Debug\GeneticsSimDataParser.obj
E:\CS 307 Programs\CS307Prog2\CS307Prog2\Debug\MasterGene.obj
E:\CS 307 Programs\CS307Prog2\CS307Prog2\Debug\MendelianCross.obj
E:\CS 307 Programs\CS307Prog2\CS307Prog2\Debug\Offspring.obj
E:\CS 307 Programs\CS307Prog2\CS307Prog2\Debug\Organism.obj
E:\CS 307 Programs\CS307Prog2\CS307Prog2\Debug\OrganismFactory.obj
E:\CS 307 Programs\CS307Prog2\CS307Prog2\Debug\Prog2Main.obj
E:\CS 307 Programs\CS307Prog2\CS307Prog2\Debug\CL.read.1.tlog
E:\CS 307 Programs\CS307Prog2\CS307Prog2\Debug\CL.write.1.tlog
E:\CS 307 Programs\CS307Prog2\CS307Prog2\Debug\cl.command.1.tlog
E:\CS 307 Programs\CS307Prog2\CS307Prog2\Debug\link-rc.read.1.tlog
E:\CS 307 Programs\CS307Prog2\CS307Prog2\Debug\link-rc.write.1.tlog
E:\CS 307 Programs\CS307Prog2\CS307Prog2\Debug\link-cvtres.read.1.tlog
E:\CS 307 Programs\CS307Prog2\CS307Prog2\Debug\link-cvtres.write.1.tlog
E:\CS 307 Programs\CS307Prog2\CS307Prog2\Debug\link.read.1.tlog
E:\CS 307 Programs\CS307Prog2\CS307Prog2\Debug\link.write.1.tlog
E:\CS 307 Programs\CS307Prog2\CS307Prog2\Debug\link.command.1.tlog
E:\CS 307 Programs\CS307Prog2\CS307Prog2\Debug\vc110.idb
E:\CS 307 Programs\CS307Prog2\CS307Prog2\Debug\vc110.pdb
E:\CS 307 Programs\CS307Prog2\Debug\CS307Prog2.pdb
E:\CS 307 Programs\CS307Prog2\Debug\CS307Prog2.exe
E:\CS 307 Programs\CS307Prog2\Debug\CS307Prog2.ilk
